<?xml version="1.0" encoding="UTF-8"?>
<!-- Generated by org.testng.reporters.JUnitXMLReporter -->
<testsuite ignored="0" hostname="Dell-Inspiron-5559" failures="0" tests="3" name="Default test" time="173.554" errors="0" timestamp="2021-11-15T23:08:12 IST">
  <testcase classname="tests.HomePageTest" name="launchchrome" time="52.706"/>
  <testcase classname="tests.HomePageTest" name="launchchrome1" time="56.444"/>
  <testcase classname="tests.HomePageTest" name="launchchrome2" time="55.694"/>
</testsuite> <!-- Default test -->
